<?xml version="1.0" encoding="UTF-8"?>
<!-- Generated by org.testng.reporters.JUnitXMLReporter -->
<testsuite ignored="0" hostname="DESKTOP-4HOB2E3" failures="1" tests="1" name="Test" time="20.284" errors="0" timestamp="2025-12-19T22:40:49 IST">
  <testcase classname="testCases.T001_AccountRegistraionTest" name="verify_account_registraion" time="1.102">
    <failure type="java.lang.AssertionError" message="null">
      <![CDATA[java.lang.AssertionError: null
at testCases.T001_AccountRegistraionTest.verify_account_registraion(T001_AccountRegistraionTest.java:57)
at java.base/java.util.ArrayList.forEach(ArrayList.java:1604)
... Removed 27 stack frames]]>
    </failure>
  </testcase> <!-- verify_account_registraion -->
</testsuite> <!-- Test -->
