<?xml version="1.0" encoding="UTF-8"?>
<testng-results ignored="0" total="2" passed="2" failed="0" skipped="0">
  <reporter-output>
  </reporter-output>
  <suite started-at="2025-12-25T15:15:30 IST" name="Master Suite" finished-at="2025-12-25T15:15:53 IST" duration-ms="22984">
    <groups>
      <group name="Master">
        <method signature="TC001_AccountRegistraionTest.verify_account_registraion()[pri:0, instance:testCases.TC001_AccountRegistraionTest@c7045b9]" name="verify_account_registraion" class="testCases.TC001_AccountRegistraionTest"/>
        <method signature="TC002_LoginTest.Verify_login()[pri:0, instance:testCases.TC002_LoginTest@7e19ebf0]" name="Verify_login" class="testCases.TC002_LoginTest"/>
      </group> <!-- Master -->
      <group name="Sanity">
        <method signature="TC002_LoginTest.Verify_login()[pri:0, instance:testCases.TC002_LoginTest@7e19ebf0]" name="Verify_login" class="testCases.TC002_LoginTest"/>
      </group> <!-- Sanity -->
      <group name="Regression">
        <method signature="TC001_AccountRegistraionTest.verify_account_registraion()[pri:0, instance:testCases.TC001_AccountRegistraionTest@c7045b9]" name="verify_account_registraion" class="testCases.TC001_AccountRegistraionTest"/>
      </group> <!-- Regression -->
    </groups>
    <test started-at="2025-12-25T15:15:30 IST" name="Test" finished-at="2025-12-25T15:15:53 IST" duration-ms="22984">
      <class name="testCases.TC002_LoginTest">
        <test-method is-config="true" signature="setup(java.lang.String,java.lang.String)[pri:0, instance:testCases.TC002_LoginTest@7e19ebf0]" started-at="2025-12-25T15:15:44 IST" name="setup" finished-at="2025-12-25T15:15:48 IST" duration-ms="4599" status="PASS">
          <params>
            <param index="0">
              <value>
                <![CDATA[Windows]]>
              </value>
            </param>
            <param index="1">
              <value>
                <![CDATA[chrome]]>
              </value>
            </param>
          </params>
          <reporter-output>
          </reporter-output>
        </test-method> <!-- setup -->
        <test-method signature="Verify_login()[pri:0, instance:testCases.TC002_LoginTest@7e19ebf0]" started-at="2025-12-25T15:15:48 IST" name="Verify_login" finished-at="2025-12-25T15:15:52 IST" duration-ms="4269" status="PASS">
          <reporter-output>
          </reporter-output>
        </test-method> <!-- Verify_login -->
        <test-method is-config="true" signature="tearDown()[pri:0, instance:testCases.TC002_LoginTest@7e19ebf0]" started-at="2025-12-25T15:15:52 IST" name="tearDown" finished-at="2025-12-25T15:15:53 IST" duration-ms="301" status="PASS">
          <reporter-output>
          </reporter-output>
        </test-method> <!-- tearDown -->
      </class> <!-- testCases.TC002_LoginTest -->
      <class name="testCases.TC001_AccountRegistraionTest">
        <test-method is-config="true" signature="setup(java.lang.String,java.lang.String)[pri:0, instance:testCases.TC001_AccountRegistraionTest@c7045b9]" started-at="2025-12-25T15:15:30 IST" name="setup" finished-at="2025-12-25T15:15:37 IST" duration-ms="7142" status="PASS">
          <params>
            <param index="0">
              <value>
                <![CDATA[Windows]]>
              </value>
            </param>
            <param index="1">
              <value>
                <![CDATA[chrome]]>
              </value>
            </param>
          </params>
          <reporter-output>
          </reporter-output>
        </test-method> <!-- setup -->
        <test-method signature="verify_account_registraion()[pri:0, instance:testCases.TC001_AccountRegistraionTest@c7045b9]" started-at="2025-12-25T15:15:37 IST" name="verify_account_registraion" finished-at="2025-12-25T15:15:43 IST" duration-ms="5690" status="PASS">
          <reporter-output>
          </reporter-output>
        </test-method> <!-- verify_account_registraion -->
        <test-method is-config="true" signature="tearDown()[pri:0, instance:testCases.TC001_AccountRegistraionTest@c7045b9]" started-at="2025-12-25T15:15:43 IST" name="tearDown" finished-at="2025-12-25T15:15:44 IST" duration-ms="400" status="PASS">
          <reporter-output>
          </reporter-output>
        </test-method> <!-- tearDown -->
      </class> <!-- testCases.TC001_AccountRegistraionTest -->
    </test> <!-- Test -->
  </suite> <!-- Master Suite -->
</testng-results>
