<?xml version="1.0" encoding="UTF-8"?>
<!-- Generated by org.testng.reporters.JUnitReportReporter -->
<testsuite hostname="DESKTOP-4HOB2E3" failures="0" tests="5" name="testCases.TC003_LoginDDT" time="49.990" errors="0" timestamp="2025-12-21T20:17:19 IST" skipped="0">
  <testcase classname="testCases.TC003_LoginDDT" name="verify_loginDDT" time="13.143"/>
  <testcase classname="testCases.TC003_LoginDDT" name="verify_loginDDT" time="14.265"/>
  <testcase classname="testCases.TC003_LoginDDT" name="verify_loginDDT" time="13.136"/>
  <testcase classname="testCases.TC003_LoginDDT" name="verify_loginDDT" time="5.346"/>
  <testcase classname="testCases.TC003_LoginDDT" name="verify_loginDDT" time="4.100"/>
</testsuite> <!-- testCases.TC003_LoginDDT -->
